c:\users\xiali\source\repos\websockets_server\x64\release\websockets_server.exe
c:\users\xiali\source\repos\websockets_server\websockets_server\x64\release\websockets_server.ipdb
c:\users\xiali\source\repos\websockets_server\x64\release\websockets_server.pdb
c:\users\xiali\source\repos\websockets_server\websockets_server\x64\release\websockets_server.iobj
c:\users\xiali\source\repos\websockets_server\websockets_server\x64\release\websockets_server.res
c:\users\xiali\source\repos\websockets_server\x64\release\websockets_server.lib
c:\users\xiali\source\repos\websockets_server\x64\release\websockets_server.exp
c:\users\xiali\source\repos\websockets_server\x64\release\jsoncpp.dll
c:\users\xiali\source\repos\websockets_server\x64\release\usockets.dll
c:\users\xiali\source\repos\websockets_server\x64\release\uv.dll
c:\users\xiali\source\repos\websockets_server\x64\release\zlib1.dll
c:\users\xiali\source\repos\websockets_server\websockets_server\x64\release\vc143.pdb
c:\users\xiali\source\repos\websockets_server\websockets_server\x64\release\websocke.4cd8d086.tlog\cl.command.1.tlog
c:\users\xiali\source\repos\websockets_server\websockets_server\x64\release\websocke.4cd8d086.tlog\link.command.1.tlog
c:\users\xiali\source\repos\websockets_server\websockets_server\x64\release\websocke.4cd8d086.tlog\link.read.1.tlog
c:\users\xiali\source\repos\websockets_server\websockets_server\x64\release\websocke.4cd8d086.tlog\link.write.1.tlog
c:\users\xiali\source\repos\websockets_server\websockets_server\x64\release\websocke.4cd8d086.tlog\rc.command.1.tlog
c:\users\xiali\source\repos\websockets_server\websockets_server\x64\release\websocke.4cd8d086.tlog\rc.read.1.tlog
c:\users\xiali\source\repos\websockets_server\websockets_server\x64\release\websocke.4cd8d086.tlog\rc.write.1.tlog
c:\users\xiali\source\repos\websockets_server\websockets_server\x64\release\websocke.4cd8d086.tlog\websockets_server.write.1u.tlog
